
                            < M A T L A B (R) >
                  Copyright 1984-2016 The MathWorks, Inc.
                   R2016b (9.1.0.441655) 64-bit (glnxa64)
                             September 7, 2016

 
To get started, type one of these: helpwin, helpdesk, or demo.
For product information, visit www.mathworks.com.
 
Building with 'g++'.
MEX completed successfully.
Building with 'g++'.
MEX completed successfully.
Building with 'g++'.
MEX completed successfully.
Building with 'g++'.
MEX completed successfully.
Building with 'g++'.
MEX completed successfully.
Building with 'g++'.
MEX completed successfully.
Building with 'g++'.
MEX completed successfully.
Building with 'g++'.
MEX completed successfully.
Building with 'g++'.
MEX completed successfully.
Building with 'g++'.
MEX completed successfully.
Building with 'g++'.
MEX completed successfully.
Building with 'g++'.
MEX completed successfully.
Building with 'g++'.
MEX completed successfully.
Building with 'g++'.
MEX completed successfully.
Building with 'g++'.
MEX completed successfully.
Building with 'g++'.
MEX completed successfully.
Building with 'g++'.
In file included from /home/enijkamp/elm_map_128/matconvnet-1.0-beta16/matlab/src/bits/impl/imread_libjpeg.cpp:14:0:
/home/enijkamp/elm_map_128/matconvnet-1.0-beta16/matlab/src/bits/impl/imread_helpers.hpp:35:2: warning: #warning "SSSE3 instruction set not enabled. Using slower image conversion routines." [-Wcpp]
 #warning "SSSE3 instruction set not enabled. Using slower image conversion routines."
  ^

MEX completed successfully.
Building with 'g++'.
MEX completed successfully.
Building with 'g++'.
MEX completed successfully.
Building with 'g++'.
MEX completed successfully.
Building with 'g++'.
MEX completed successfully.
Building with 'g++'.
MEX completed successfully.
Building with 'g++'.
MEX completed successfully.
Building with 'gcc'.
MEX completed successfully.
Building with 'gcc'.
MEX completed successfully.
Building with 'gcc'.
MEX completed successfully.
Building with 'gcc'.
MEX completed successfully.
Building with 'gcc'.
MEX completed successfully.
Building with 'gcc'.
MEX completed successfully.
Starting parallel pool (parpool) using the 'comet1' profile ... connected to 24 workers.
### (0) find_AD_extrema ###

ELM Step 1 of 1
----
Finding local min
1.19 seconds 
----
Checking minimum membership
get_AD_order -> par = 1, parfor toc = 0.47703, max toc = 0.30052
check_membership -> par = 1, parfor toc = 3.7096, max toc = 3.5161
new min found (ID 2)
4.20 seconds 
----

Total mapping time: 8.70 seconds 
8.70 seconds per ELM iteration 


ELM Step 1 of 1
----
Finding local min
2.22 seconds 
----
Checking minimum membership
get_AD_order -> par = 2, parfor toc = 0.46582, max toc = 0.30023
check_membership -> par = 2, parfor toc = 5.3502, max toc = 5.1529
successful diffusion to: 1 
min sorted to basin 1
5.82 seconds 
----

Total mapping time: 8.57 seconds 
8.57 seconds per ELM iteration 

     2

        2500


ELM Step 1 of 1
----
Finding local min
2.77 seconds 
----
Checking minimum membership
get_AD_order -> par = 1, parfor toc = 0.21766, max toc = 0.05665
check_membership -> par = 1, parfor toc = 3.1581, max toc = 2.9983
successful diffusion to: 1 
min sorted to basin 1
3.38 seconds 
----

Total mapping time: 9.07 seconds 
9.07 seconds per ELM iteration 

     1

   2.3148e+03


ELM Step 1 of 1
----
Finding local min
1.51 seconds 
----
Checking minimum membership
get_AD_order -> par = 1, parfor toc = 0.18055, max toc = 0.059
check_membership -> par = 1, parfor toc = 4.9209, max toc = 4.7663
successful diffusion to: 1 
min sorted to basin 1
basin 1 rep updated 
5.10 seconds 
----

Total mapping time: 10.22 seconds 
10.22 seconds per ELM iteration 

     1

   2.1433e+03


ELM Step 1 of 1
----
Finding local min
0.69 seconds 
----
Checking minimum membership
get_AD_order -> par = 1, parfor toc = 0.16792, max toc = 0.05829
check_membership -> par = 1, parfor toc = 4.9092, max toc = 4.7548
successful diffusion to: 1 
min sorted to basin 1
5.08 seconds 
----

Total mapping time: 7.66 seconds 
7.66 seconds per ELM iteration 

     1

   1.9846e+03


ELM Step 1 of 1
----
Finding local min
1.44 seconds 
----
Checking minimum membership
get_AD_order -> par = 1, parfor toc = 0.16935, max toc = 0.056399
check_membership -> par = 1, parfor toc = 4.6092, max toc = 4.4528
successful diffusion to: 1 
min sorted to basin 1
4.78 seconds 
----

Total mapping time: 7.99 seconds 
7.99 seconds per ELM iteration 

     1

   1.8376e+03


ELM Step 1 of 1
----
Finding local min
1.21 seconds 
----
Checking minimum membership
get_AD_order -> par = 1, parfor toc = 0.17168, max toc = 0.057813
check_membership -> par = 1, parfor toc = 3.0738, max toc = 2.9164
successful diffusion to: 1 
min sorted to basin 1
basin 1 rep updated 
3.25 seconds 
----

Total mapping time: 7.30 seconds 
7.30 seconds per ELM iteration 

     1

   1.7015e+03


ELM Step 1 of 1
----
Finding local min
1.55 seconds 
----
Checking minimum membership
get_AD_order -> par = 1, parfor toc = 0.18369, max toc = 0.05782
check_membership -> par = 1, parfor toc = 3.2714, max toc = 3.1156
new min found (ID 2)
3.46 seconds 
----

Total mapping time: 7.19 seconds 
7.19 seconds per ELM iteration 


ELM Step 1 of 1
----
Finding local min
0.78 seconds 
----
Checking minimum membership
get_AD_order -> par = 2, parfor toc = 0.18831, max toc = 0.058947
check_membership -> par = 2, parfor toc = 3.8706, max toc = 3.705
successful diffusion to: 1 
min sorted to basin 1
4.07 seconds 
----

Total mapping time: 5.38 seconds 
5.38 seconds per ELM iteration 

     2

   1.5754e+03


ELM Step 1 of 1
----
Finding local min
0.90 seconds 
----
Checking minimum membership
get_AD_order -> par = 1, parfor toc = 0.17676, max toc = 0.056352
check_membership -> par = 1, parfor toc = 3.0233, max toc = 2.8658
successful diffusion to: 1 
min sorted to basin 1
basin 1 rep updated 
3.20 seconds 
----

Total mapping time: 6.98 seconds 
6.98 seconds per ELM iteration 

     1

   1.4587e+03


ELM Step 1 of 1
----
Finding local min
1.26 seconds 
----
Checking minimum membership
get_AD_order -> par = 1, parfor toc = 0.17538, max toc = 0.05631
check_membership -> par = 1, parfor toc = 4.342, max toc = 4.1855
new min found (ID 2)
4.52 seconds 
----

Total mapping time: 8.12 seconds 
8.12 seconds per ELM iteration 


ELM Step 1 of 1
----
Finding local min
2.77 seconds 
----
Checking minimum membership
get_AD_order -> par = 2, parfor toc = 0.2253, max toc = 0.058333
check_membership -> par = 2, parfor toc = 4.9556, max toc = 4.7949
new min found (ID 3)
5.18 seconds 
----

Total mapping time: 8.54 seconds 
8.54 seconds per ELM iteration 


ELM Step 1 of 1
----
Finding local min
1.14 seconds 
----
Checking minimum membership
get_AD_order -> par = 3, parfor toc = 0.48177, max toc = 0.30735
check_membership -> par = 3, parfor toc = 5.1111, max toc = 4.9071
successful diffusion to: 2 
min sorted to basin 2
basin 2 rep updated 
5.59 seconds 
----

Total mapping time: 7.27 seconds 
7.27 seconds per ELM iteration 

     3

   1.3507e+03


ELM Step 1 of 1
----
Finding local min
0.98 seconds 
----
Checking minimum membership
get_AD_order -> par = 1, parfor toc = 0.17728, max toc = 0.057784
check_membership -> par = 1, parfor toc = 2.9358, max toc = 2.7807
new min found (ID 2)
3.11 seconds 
----

Total mapping time: 6.73 seconds 
6.73 seconds per ELM iteration 


ELM Step 1 of 1
----
Finding local min
1.25 seconds 
----
Checking minimum membership
get_AD_order -> par = 2, parfor toc = 0.19086, max toc = 0.058762
check_membership -> par = 2, parfor toc = 4.1251, max toc = 3.9568
successful diffusion to: 2 
min sorted to basin 2
4.32 seconds 
----

Total mapping time: 6.10 seconds 
6.10 seconds per ELM iteration 

     2

   1.2506e+03


ELM Step 1 of 1
----
Finding local min
2.46 seconds 
----
Checking minimum membership
get_AD_order -> par = 1, parfor toc = 0.18187, max toc = 0.056405
check_membership -> par = 1, parfor toc = 3.5317, max toc = 3.3737
new min found (ID 2)
3.71 seconds 
----

Total mapping time: 8.77 seconds 
8.77 seconds per ELM iteration 


ELM Step 1 of 1
----
Finding local min
1.19 seconds 
----
Checking minimum membership
get_AD_order -> par = 2, parfor toc = 0.18352, max toc = 0.058186
check_membership -> par = 2, parfor toc = 4.4175, max toc = 4.2567
successful diffusion to: 1 
min sorted to basin 1
4.60 seconds 
----

Total mapping time: 6.31 seconds 
6.31 seconds per ELM iteration 

     2

   1.1580e+03


ELM Step 1 of 1
----
Finding local min
1.28 seconds 
----
Checking minimum membership
get_AD_order -> par = 1, parfor toc = 0.17641, max toc = 0.057762
check_membership -> par = 1, parfor toc = 4.5929, max toc = 4.4376
new min found (ID 2)
4.77 seconds 
----

Total mapping time: 7.86 seconds 
7.86 seconds per ELM iteration 


ELM Step 1 of 1
----
Finding local min
1.66 seconds 
----
Checking minimum membership
get_AD_order -> par = 2, parfor toc = 0.18162, max toc = 0.058332
check_membership -> par = 2, parfor toc = 4.1471, max toc = 3.9764
new min found (ID 3)
4.33 seconds 
----

Total mapping time: 6.51 seconds 
6.51 seconds per ELM iteration 


ELM Step 1 of 1
----
Finding local min
2.66 seconds 
----
Checking minimum membership
get_AD_order -> par = 3, parfor toc = 0.19342, max toc = 0.059827
check_membership -> par = 3, parfor toc = 4.7081, max toc = 4.5221
successful diffusion to: 2 
min sorted to basin 2
basin 2 rep updated 
4.90 seconds 
----

Total mapping time: 8.09 seconds 
8.09 seconds per ELM iteration 

     3

   1.0722e+03


ELM Step 1 of 1
----
Finding local min
0.85 seconds 
----
Checking minimum membership
get_AD_order -> par = 1, parfor toc = 0.2143, max toc = 0.056392
check_membership -> par = 1, parfor toc = 3.0281, max toc = 2.8718
successful diffusion to: 1 
min sorted to basin 1
basin 1 rep updated 
3.24 seconds 
----

Total mapping time: 6.99 seconds 
6.99 seconds per ELM iteration 

     1

  992.7844


ELM Step 1 of 1
----
Finding local min
1.80 seconds 
----
Checking minimum membership
get_AD_order -> par = 1, parfor toc = 0.17792, max toc = 0.057915
check_membership -> par = 1, parfor toc = 4.8846, max toc = 4.7284
successful diffusion to: 1 
min sorted to basin 1
5.06 seconds 
----

Total mapping time: 8.13 seconds 
8.13 seconds per ELM iteration 

     1

  919.2448

