
                            < M A T L A B (R) >
                  Copyright 1984-2016 The MathWorks, Inc.
                   R2016b (9.1.0.441655) 64-bit (glnxa64)
                             September 7, 2016

 
To get started, type one of these: helpwin, helpdesk, or demo.
For product information, visit www.mathworks.com.
 
Building with 'g++'.
MEX completed successfully.
Building with 'g++'.
MEX completed successfully.
Building with 'g++'.
MEX completed successfully.
Building with 'g++'.
MEX completed successfully.
Building with 'g++'.
MEX completed successfully.
Building with 'g++'.
MEX completed successfully.
Building with 'g++'.
MEX completed successfully.
Building with 'g++'.
MEX completed successfully.
Building with 'g++'.
MEX completed successfully.
Building with 'g++'.
MEX completed successfully.
Building with 'g++'.
MEX completed successfully.
Building with 'g++'.
MEX completed successfully.
Building with 'g++'.
MEX completed successfully.
Building with 'g++'.
MEX completed successfully.
Building with 'g++'.
MEX completed successfully.
Building with 'g++'.
MEX completed successfully.
Building with 'g++'.
In file included from /home/enijkamp/elm_map0/matconvnet-1.0-beta16/matlab/src/bits/impl/imread_libjpeg.cpp:14:0:
/home/enijkamp/elm_map0/matconvnet-1.0-beta16/matlab/src/bits/impl/imread_helpers.hpp:35:2: warning: #warning "SSSE3 instruction set not enabled. Using slower image conversion routines." [-Wcpp]
 #warning "SSSE3 instruction set not enabled. Using slower image conversion routines."
  ^

MEX completed successfully.
Building with 'g++'.
MEX completed successfully.
Building with 'g++'.
MEX completed successfully.
Building with 'g++'.
MEX completed successfully.
Building with 'g++'.
MEX completed successfully.
Building with 'g++'.
MEX completed successfully.
Building with 'g++'.
MEX completed successfully.
Building with 'gcc'.
MEX completed successfully.
Building with 'gcc'.
MEX completed successfully.
Building with 'gcc'.
MEX completed successfully.
Building with 'gcc'.
MEX completed successfully.
Building with 'gcc'.
MEX completed successfully.
Building with 'gcc'.
MEX completed successfully.
Starting parallel pool (parpool) using the 'local' profile ... connected to 24 workers.

ELM Step 1 of 1
----
Finding local min
1.41 seconds 
----
Checking minimum membership
AD_checks=1
{Error using vl_gan_cpu (line 55)
Attempt to execute SCRIPT vl_nnconvt as a function:
/home/enijkamp/elm_map0/matconvnet-1.0-beta16/matlab/vl_nnconvt.m

Error in get_gen_im (line 3)
    syn_mat = vl_gan_cpu(gen_net,z);

Error in get_gen_energy (line 3)
    im = get_gen_im(gen_net,z);

Error in gen_AD>AD_check (line 54)
    [en,im] = get_gen_energy(config,des_net,gen_net,z);

Error in gen_AD (line 16)
        AD_out1 = AD_check(config,des_net,gen_net,z1,z2);

Error in gen_ADELM_step>check_membership (line 82)
        parfor i = 1:AD_checks

Error in gen_ADELM_step (line 20)
    [ELM,min_index,AD_inds] = check_membership(config,des_net,gen_net,...

Error in gen_ADELM (line 32)
        ELM = gen_ADELM_step(config,des_net,gen_net,ELM);

Error in find_AD_extrema>get_extreme_alpha (line 33)
    ELM_test = gen_ADELM([],config);

Error in find_AD_extrema (line 17)
        min_out = get_extreme_alpha(config,factor,-1,nsteps);

Error in run_ELM_experiment (line 10)
    [min_out,max_out] = find_AD_extrema(config,alpha_init);

Error in ivy_512_ELM (line 44)
run_ELM_experiment(config,num_exps,alpha_init);
} 
>> 